[14:03:02] [main/INFO] (FabricLoader/GameProvider) Loading Minecraft 1.20.1 with Fabric Loader 0.14.22
[14:03:02] [main/INFO] (FabricLoader) Loading 46 mods:
	- entityprediction 1.0.0
	- fabric-api 0.86.1+1.20.1
	- fabric-api-base 0.4.30+7abfd51577
	- fabric-api-lookup-api-v1 1.6.35+4d8536c977
	- fabric-biome-api-v1 13.0.10+b3afc78b77
	- fabric-block-api-v1 1.0.9+e022e5d177
	- fabric-blockrenderlayer-v1 1.1.40+b3afc78b77
	- fabric-client-tags-api-v1 1.1.1+97bb207577
	- fabric-command-api-v2 2.2.12+b3afc78b77
	- fabric-content-registries-v0 4.0.9+b3afc78b77
	- fabric-convention-tags-v1 1.5.4+a1a980da77
	- fabric-crash-report-info-v1 0.2.18+aeb40ebe77
	- fabric-data-generation-api-v1 12.2.1+1e61dba177
	- fabric-dimensions-v1 2.1.52+b3afc78b77
	- fabric-entity-events-v1 1.5.22+b3afc78b77
	- fabric-events-interaction-v0 0.6.1+e91849a877
	- fabric-game-rule-api-v1 1.0.38+b04edc7a77
	- fabric-gametest-api-v1 1.2.12+b3afc78b77
	- fabric-item-api-v1 2.1.27+b3afc78b77
	- fabric-item-group-api-v1 4.0.10+23d9108177
	- fabric-key-binding-api-v1 1.0.36+fb8d95da77
	- fabric-lifecycle-events-v1 2.2.21+b3afc78b77
	- fabric-loot-api-v2 1.1.39+b3afc78b77
	- fabric-message-api-v1 5.1.7+3265161977
	- fabric-mining-level-api-v1 2.1.49+b3afc78b77
	- fabric-model-loading-api-v1 1.0.2+709a987177
	- fabric-networking-api-v1 1.3.9+b3afc78b77
	- fabric-object-builder-api-v1 11.1.1+6beca84877
	- fabric-particles-v1 1.1.1+201a23a077
	- fabric-recipe-api-v1 1.0.19+b3afc78b77
	- fabric-registry-sync-v0 2.3.1+4df89eb277
	- fabric-renderer-api-v1 3.1.1+9386d8a777
	- fabric-renderer-indigo 1.4.1+9172968c77
	- fabric-rendering-data-attachment-v1 0.3.34+b3afc78b77
	- fabric-rendering-fluids-v1 3.0.27+b3afc78b77
	- fabric-rendering-v1 3.0.7+b3afc78b77
	- fabric-resource-conditions-api-v1 2.3.5+ea08f9d877
	- fabric-resource-loader-v0 0.11.9+132c48c177
	- fabric-screen-api-v1 2.0.7+b3afc78b77
	- fabric-screen-handler-api-v1 1.3.28+b3afc78b77
	- fabric-sound-api-v1 1.0.12+b3afc78b77
	- fabric-transfer-api-v1 3.3.0+cdf060b277
	- fabric-transitive-access-wideners-v1 4.3.0+6c31357e77
	- fabricloader 0.14.22
	- java 17
	- minecraft 1.20.1
[14:03:03] [main/INFO] (FabricLoader/Mixin) SpongePowered MIXIN Subsystem Version=0.8.5 Source=file:/C:/Users/itsja/.gradle/caches/modules-2/files-2.1/net.fabricmc/sponge-mixin/0.12.5+mixin.0.8.5/8d31fb97c3e0cd7c8dad3441851c523bcfae6d8e/sponge-mixin-0.12.5+mixin.0.8.5.jar Service=Knot/Fabric Env=CLIENT
[14:03:03] [main/INFO] (FabricLoader/Mixin) Loaded Fabric development mappings for mixin remapper!
[14:03:03] [main/INFO] (FabricLoader/Mixin) Compatibility level set to JAVA_16
[14:03:03] [main/INFO] (FabricLoader/Mixin) Compatibility level set to JAVA_17
[14:03:09] [Datafixer Bootstrap/INFO] (Minecraft) 188 Datafixer optimizations took 166 milliseconds
[14:03:11] [Render thread/INFO] (Minecraft) Environment: authHost='https://authserver.mojang.com', accountsHost='https://api.mojang.com', sessionHost='https://sessionserver.mojang.com', servicesHost='https://api.minecraftservices.com', name='PROD'
[14:03:12] [Render thread/ERROR] (Minecraft) Failed to verify authentication
com.mojang.authlib.exceptions.InvalidCredentialsException: Status: 401
	at com.mojang.authlib.exceptions.MinecraftClientHttpException.toAuthenticationException(MinecraftClientHttpException.java:56) ~[authlib-4.0.43.jar:?]
	at com.mojang.authlib.yggdrasil.YggdrasilUserApiService.fetchProperties(YggdrasilUserApiService.java:156) ~[authlib-4.0.43.jar:?]
	at com.mojang.authlib.yggdrasil.YggdrasilUserApiService.<init>(YggdrasilUserApiService.java:55) ~[authlib-4.0.43.jar:?]
	at com.mojang.authlib.yggdrasil.YggdrasilAuthenticationService.createUserApiService(YggdrasilAuthenticationService.java:124) ~[authlib-4.0.43.jar:?]
	at net.minecraft.client.MinecraftClient.createUserApiService(MinecraftClient.java:712) ~[minecraft-merged-project-root-1.20.1-net.fabricmc.yarn.1_20_1.1.20.1+build.10-v2.jar:?]
	at net.minecraft.client.MinecraftClient.<init>(MinecraftClient.java:507) ~[minecraft-merged-project-root-1.20.1-net.fabricmc.yarn.1_20_1.1.20.1+build.10-v2.jar:?]
	at net.minecraft.client.main.Main.main(Main.java:191) ~[minecraft-merged-project-root-1.20.1-net.fabricmc.yarn.1_20_1.1.20.1+build.10-v2.jar:?]
	at net.fabricmc.loader.impl.game.minecraft.MinecraftGameProvider.launch(MinecraftGameProvider.java:468) ~[fabric-loader-0.14.22.jar:?]
	at net.fabricmc.loader.impl.launch.knot.Knot.launch(Knot.java:74) ~[fabric-loader-0.14.22.jar:?]
	at net.fabricmc.loader.impl.launch.knot.KnotClient.main(KnotClient.java:23) ~[fabric-loader-0.14.22.jar:?]
	at net.fabricmc.devlaunchinjector.Main.main(Main.java:86) ~[dev-launch-injector-0.2.1+build.8.jar:?]
Caused by: com.mojang.authlib.exceptions.MinecraftClientHttpException: Status: 401
	at com.mojang.authlib.minecraft.client.MinecraftClient.readInputStream(MinecraftClient.java:85) ~[authlib-4.0.43.jar:?]
	at com.mojang.authlib.minecraft.client.MinecraftClient.get(MinecraftClient.java:48) ~[authlib-4.0.43.jar:?]
	at com.mojang.authlib.yggdrasil.YggdrasilUserApiService.fetchProperties(YggdrasilUserApiService.java:129) ~[authlib-4.0.43.jar:?]
	... 9 more
[14:03:12] [Render thread/INFO] (Minecraft) Setting user: Player694
[14:03:12] [Render thread/INFO] (Indigo) [Indigo] Registering Indigo renderer!
[14:03:12] [Render thread/INFO] (Minecraft) Backend library: LWJGL version 3.3.1 SNAPSHOT
[14:03:14] [Render thread/INFO] (Minecraft) Reloading ResourceManager: vanilla, fabric (fabric-renderer-indigo, fabric-events-interaction-v0, fabric-entity-events-v1, fabric-renderer-api-v1, fabric-rendering-data-attachment-v1, fabric-gametest-api-v1, fabric-rendering-v1, fabric-resource-conditions-api-v1, fabric-dimensions-v1, fabric-loot-api-v2, fabric-screen-api-v1, fabric-networking-api-v1, fabric-api, fabric-api-lookup-api-v1, fabric-convention-tags-v1, fabric-screen-handler-api-v1, fabricloader, fabric-data-generation-api-v1, fabric-transitive-access-wideners-v1, fabric-recipe-api-v1, fabric-client-tags-api-v1, fabric-resource-loader-v0, fabric-command-api-v2, fabric-key-binding-api-v1, fabric-object-builder-api-v1, fabric-item-api-v1, fabric-rendering-fluids-v1, fabric-crash-report-info-v1, fabric-registry-sync-v0, fabric-mining-level-api-v1, fabric-blockrenderlayer-v1, fabric-block-api-v1, fabric-model-loading-api-v1, fabric-lifecycle-events-v1, fabric-content-registries-v0, fabric-message-api-v1, fabric-transfer-api-v1, fabric-sound-api-v1, fabric-item-group-api-v1, fabric-game-rule-api-v1, fabric-particles-v1, fabric-api-base, fabric-biome-api-v1)
[14:03:14] [Worker-Main-10/INFO] (Minecraft) Found unifont_all_no_pua-15.0.06.hex, loading
[14:03:14] [Realms Notification Availability checker #1/INFO] (Minecraft) Could not authorize you against Realms server: Invalid session id
[14:03:15] [Render thread/WARN] (Minecraft) Missing sound for event: minecraft:item.goat_horn.play
[14:03:15] [Render thread/WARN] (Minecraft) Missing sound for event: minecraft:entity.goat.screaming.horn_break
[14:03:15] [Render thread/INFO] (Minecraft) OpenAL initialized on device OpenAL Soft on SyncMaster (NVIDIA High Definition Audio)
[14:03:15] [Render thread/INFO] (Minecraft) Sound engine started
[14:03:15] [Render thread/INFO] (Minecraft) Created: 1024x512x4 minecraft:textures/atlas/blocks.png-atlas
[14:03:15] [Render thread/INFO] (Minecraft) Created: 256x256x4 minecraft:textures/atlas/signs.png-atlas
[14:03:15] [Render thread/INFO] (Minecraft) Created: 512x512x4 minecraft:textures/atlas/shield_patterns.png-atlas
[14:03:15] [Render thread/INFO] (Minecraft) Created: 512x512x4 minecraft:textures/atlas/banner_patterns.png-atlas
[14:03:15] [Render thread/INFO] (Minecraft) Created: 1024x1024x4 minecraft:textures/atlas/armor_trims.png-atlas
[14:03:15] [Render thread/INFO] (Minecraft) Created: 128x64x4 minecraft:textures/atlas/decorated_pot.png-atlas
[14:03:15] [Render thread/INFO] (Minecraft) Created: 256x256x4 minecraft:textures/atlas/chest.png-atlas
[14:03:15] [Render thread/INFO] (Minecraft) Created: 512x256x4 minecraft:textures/atlas/shulker_boxes.png-atlas
[14:03:15] [Render thread/INFO] (Minecraft) Created: 512x256x4 minecraft:textures/atlas/beds.png-atlas
[14:03:16] [Render thread/WARN] (Minecraft) Shader rendertype_entity_translucent_emissive could not find sampler named Sampler2 in the specified shader program.
[14:03:16] [Render thread/INFO] (Minecraft) Created: 256x256x0 minecraft:textures/atlas/particles.png-atlas
[14:03:16] [Render thread/INFO] (Minecraft) Created: 256x256x0 minecraft:textures/atlas/paintings.png-atlas
[14:03:16] [Render thread/INFO] (Minecraft) Created: 128x128x0 minecraft:textures/atlas/mob_effects.png-atlas
[14:03:30] [Render thread/INFO] (Minecraft) Connecting to localhost, 25565
[14:03:32] [Render thread/INFO] (Minecraft) [System] [CHAT] Player694 joined the game
[14:03:32] [Render thread/INFO] (Minecraft) Loaded 2 advancements
[14:03:52] [Render thread/INFO] (Minecraft) [System] [CHAT] [Server: Made Player694 a server operator]
[14:03:54] [Render thread/INFO] (Minecraft) [System] [CHAT] Set own game mode to Creative Mode
[14:03:57] [Render thread/INFO] (Minecraft) [System] [CHAT] Gave 1 [End Crystal] to Player694
[14:04:03] [Render thread/INFO] (Minecraft) [System] [CHAT] Gave 1 [Enchanted Golden Apple] to Player694
[14:04:03] [Render thread/INFO] (Minecraft) Loaded 3 advancements
[14:04:10] [Render thread/INFO] (Minecraft) Loaded 4 advancements
[14:04:17] [Render thread/INFO] (Minecraft) [System] [CHAT] Set own game mode to Survival Mode
[14:04:20] [Render thread/INFO] (Minecraft) Loaded 21 advancements
[14:04:25] [Render thread/INFO] (Minecraft) [System] [CHAT] Unknown command. Type "/help" for help.
[14:04:43] [Render thread/INFO] (Minecraft) [System] [CHAT] Player694 has reached the goal [Postmortal]
[14:04:43] [Render thread/INFO] (Minecraft) Loaded 24 advancements
[14:04:54] [Render thread/INFO] (Minecraft) [System] [CHAT] Set own game mode to Creative Mode
[14:04:57] [Render thread/INFO] (Minecraft) [System] [CHAT] Set own game mode to Survival Mode
[14:05:45] [Render thread/INFO] (Minecraft) Loaded 33 advancements
[14:06:08] [Render thread/INFO] (Minecraft) [System] [CHAT] Unknown command. Type "/help" for help.
[14:06:50] [Render thread/INFO] (Minecraft) [System] [CHAT] Unknown command. Type "/help" for help.
[14:07:11] [Render thread/INFO] (Minecraft) Loaded 40 advancements
[14:08:59] [Render thread/INFO] (Minecraft) Stopping!
